[debug] > Exec(early(addDefaultCommands), None, None)
[debug] > Exec(addDefaultCommands, None, None)
[debug] > Exec(early(initialize), None, None)
[debug] > Exec(initialize, None, None)
[debug] > Exec(early(addPluginSbtFile="""/tmp/idea1.sbt"""), None, None)
[debug] > Exec(addPluginSbtFile="""/tmp/idea1.sbt""", None, None)
[debug] > Exec(boot, None, None)
[debug] > Exec(writeSbtVersion, None, None)
[debug] > Exec(reload, None, None)
[debug] > Exec(sbtStashOnFailure, None, None)
[debug] > Exec(onFailure loadFailed, None, None)
[debug] > Exec(loadp, None, None)
[info] welcome to sbt 1.4.2 (Oracle Corporation Java 15)
[debug]       Load.loadUnit: plugins took 96.959164ms
[debug]       Load.loadUnit: defsScala took 0.300661ms
[debug] [Loading] Scanning directory /home/ayana/.sbt/1.0/plugins
[debug] [Loading] Found non-root projects 
[debug] [Loading] Done in /home/ayana/.sbt/1.0/plugins, returning: ()
[debug] deducing auto plugins based on known facts Set(Atom(sbt.plugins.CorePlugin)) and clauses Clauses(List(Clause(Atom(sbt.plugins.JvmPlugin),Set(Atom(sbt.plugins.IvyPlugin))), Clause(Atom(sbt.ScriptedPlugin),Set(Atom(sbt.plugins.JvmPlugin))), Clause(Atom(sbt.plugins.SbtPlugin),Set(Atom(sbt.ScriptedPlugin))), Clause(Atom(sbt.plugins.SemanticdbPlugin),Set(Atom(sbt.plugins.JvmPlugin))), Clause(Atom(sbt.plugins.JUnitXmlReportPlugin),Set(Atom(sbt.plugins.JvmPlugin))), Clause(Atom(sbt.plugins.MiniDependencyTreePlugin),Set(Atom(sbt.plugins.JvmPlugin))), Clause(Atom(sbt.plugins.CorePlugin),Set(Atom(sbt.plugins.IvyPlugin))), Clause(Atom(sbt.plugins.IvyPlugin),Set(Atom(sbt.plugins.JvmPlugin))), Clause(Atom(sbt.plugins.JvmPlugin),Set(Atom(sbt.plugins.SemanticdbPlugin))), Clause(Atom(sbt.plugins.JvmPlugin),Set(Atom(sbt.plugins.JUnitXmlReportPlugin))), Clause(Atom(sbt.plugins.CorePlugin),Set(Atom(sbt.plugins.Giter8TemplatePlugin))), Clause(Atom(sbt.plugins.JvmPlugin),Set(Atom(sbt.plugins.MiniDependencyTreePlugin)))))
[debug]   :: deduced result: Matched(sbt.plugins.CorePlugin,sbt.plugins.Giter8TemplatePlugin,sbt.plugins.IvyPlugin,sbt.plugins.JvmPlugin,sbt.plugins.MiniDependencyTreePlugin,sbt.plugins.JUnitXmlReportPlugin,sbt.plugins.SemanticdbPlugin)
[debug] Plugins.deducer#function took 25.273126 ms
[debug]           Load.resolveProject(global-plugins) took 47.403996ms
[debug]         Load.loadTransitive: finalizeProject(Project(id global-plugins, base: /home/ayana/.sbt/1.0/plugins, plugins: List(<none>))) took 94.796416ms
[debug] [Loading] Done in /home/ayana/.sbt/1.0/plugins, returning: (global-plugins)
[debug]       Load.loadUnit: loadedProjectsRaw took 122.810892ms
[debug]       Load.loadUnit: cleanEvalClasses took 0.231349ms
[debug]     Load.loadUnit(file:/home/ayana/.sbt/1.0/plugins/, ...) took 231.544787ms
[debug]   Load.apply: load took 470.046999ms
[debug]   Load.apply: resolveProjects took 7.744991ms
[debug]   Load.apply: finalTransforms took 69.160718ms
[debug]   Load.apply: config.delegates took 7.548113ms
[debug]   Load.apply: Def.make(settings)... took 536.974829ms
[debug]   Load.apply: structureIndex took 140.916721ms
[debug]   Load.apply: mkStreams took 1.892994ms
[info] loading global plugins from /home/ayana/.sbt/1.0/plugins
[debug] Running task... Cancel: Signal, check cycles: false, forcegc: true
[debug] Load.defaultLoad until apply took 6130.967741ms
[debug]           Load.loadUnit: plugins took 19.233799ms
[debug]           Load.loadUnit: defsScala took 0.004865ms
[debug] [Loading] Scanning directory /home/ayana/Desktop/university/backend/Kafka/project
[debug]             Load.loadUnit: mkEval took 5.370783ms
